<?xml version="1.0" encoding="UTF-8"?>
<!-- Generated by org.testng.reporters.JUnitReportReporter -->
<testsuite skipped="1" hostname="buli" name="com.trustkernel.kpp.api.testcase.DependsOnMethodTest" tests="6" failures="1" timestamp="25 九月 2020 03:14:04 GMT" time="0.003" errors="0">
  <testcase name="dependTest" time="0.001" classname="com.trustkernel.kpp.api.testcase.DependsOnMethodTest"/>
  <testcase name="dependTest2" time="0.001" classname="com.trustkernel.kpp.api.testcase.DependsOnMethodTest"/>
  <testcase name="dependGroupsTest1" time="0.000" classname="com.trustkernel.kpp.api.testcase.DependsOnMethodTest"/>
  <testcase name="dependGroupsTest3" time="0.001" classname="com.trustkernel.kpp.api.testcase.DependsOnMethodTest"/>
  <testcase name="dependGroupsTest4" time="0.000" classname="com.trustkernel.kpp.api.testcase.DependsOnMethodTest">
    <skipped/>
  </testcase> <!-- dependGroupsTest4 -->
  <testcase name="dependGroupsTest2" time="0.000" classname="com.trustkernel.kpp.api.testcase.DependsOnMethodTest">
    <failure type="java.lang.AssertionError" message="error...">
      <![CDATA[java.lang.AssertionError: error...
at org.testng.Assert.fail(Assert.java:96)
at com.trustkernel.kpp.api.testcase.DependsOnMethodTest.dependGroupsTest2(DependsOnMethodTest.java:31)
at sun.reflect.NativeMethodAccessorImpl.invoke0(Native Method)
at sun.reflect.NativeMethodAccessorImpl.invoke(NativeMethodAccessorImpl.java:62)
at sun.reflect.DelegatingMethodAccessorImpl.invoke(DelegatingMethodAccessorImpl.java:43)
at java.lang.reflect.Method.invoke(Method.java:498)
at org.testng.internal.MethodInvocationHelper.invokeMethod(MethodInvocationHelper.java:124)
at org.testng.internal.Invoker.invokeMethod(Invoker.java:583)
at org.testng.internal.Invoker.invokeTestMethod(Invoker.java:719)
at org.testng.internal.Invoker.invokeTestMethods(Invoker.java:989)
at org.testng.internal.TestMethodWorker.invokeTestMethods(TestMethodWorker.java:125)
at org.testng.internal.TestMethodWorker.run(TestMethodWorker.java:109)
at org.testng.TestRunner.privateRun(TestRunner.java:648)
at org.testng.TestRunner.run(TestRunner.java:505)
at org.testng.SuiteRunner.runTest(SuiteRunner.java:455)
at org.testng.SuiteRunner.runSequentially(SuiteRunner.java:450)
at org.testng.SuiteRunner.privateRun(SuiteRunner.java:415)
at org.testng.SuiteRunner.run(SuiteRunner.java:364)
at org.testng.SuiteRunnerWorker.runSuite(SuiteRunnerWorker.java:52)
at org.testng.SuiteRunnerWorker.run(SuiteRunnerWorker.java:84)
at org.testng.TestNG.runSuitesSequentially(TestNG.java:1208)
at org.testng.TestNG.runSuitesLocally(TestNG.java:1137)
at org.testng.TestNG.runSuites(TestNG.java:1049)
at org.testng.TestNG.run(TestNG.java:1017)
at org.testng.remote.AbstractRemoteTestNG.run(AbstractRemoteTestNG.java:132)
at org.testng.remote.RemoteTestNG.initAndRun(RemoteTestNG.java:236)
at org.testng.remote.RemoteTestNG.main(RemoteTestNG.java:81)
]]>
    </failure>
  </testcase> <!-- dependGroupsTest2 -->
</testsuite> <!-- com.trustkernel.kpp.api.testcase.DependsOnMethodTest -->
